<?xml version="1.0" encoding="UTF-8"?>
<testsuite xmlns:xsi="http://www.w3.org/2001/XMLSchema-instance" xsi:noNamespaceSchemaLocation="https://maven.apache.org/surefire/maven-surefire-plugin/xsd/surefire-test-report-3.0.xsd" version="3.0" name="ec.edu.epn.CalculatorTest" time="0.4" tests="24" errors="0" skipped="0" failures="0">
  <properties>
[...]
</properties>
  <testcase name="isEven_MultipleNumbers_ShouldReturnTrue(int)[1]" classname="ec.edu.epn.CalculatorTest" time="0.117"/>
  <testcase name="isEven_MultipleNumbers_ShouldReturnTrue(int)[2]" classname="ec.edu.epn.CalculatorTest" time="0.0"/>
  <testcase name="isEven_MultipleNumbers_ShouldReturnTrue(int)[3]" classname="ec.edu.epn.CalculatorTest" time="0.0"/>
  <testcase name="isEven_MultipleNumbers_ShouldReturnTrue(int)[4]" classname="ec.edu.epn.CalculatorTest" time="0.0"/>
  <testcase name="subtract_TwoPositiveNumbers_ReturnCorrectSubtract" classname="ec.edu.epn.CalculatorTest" time="0.0"/>
  <testcase name="divide_ByZero_ReturnsCorrectException" classname="ec.edu.epn.CalculatorTest" time="0.0"/>
  <testcase name="divide_ByZero_ReturnsCorrecException" classname="ec.edu.epn.CalculatorTest" time="0.016"/>
  <testcase name="divide_TwoPositiveNumbers_ReturnsCorrectOutient" classname="ec.edu.epn.CalculatorTest" time="0.0"/>
  <testcase name="add_MultipleValues_ReturnCorrectValue(int, int, int)[1]" classname="ec.edu.epn.CalculatorTest" time="0.007"/>
  <testcase name="add_MultipleValues_ReturnCorrectValue(int, int, int)[2]" classname="ec.edu.epn.CalculatorTest" time="0.0"/>
  <testcase name="add_MultipleValues_ReturnCorrectValue(int, int, int)[3]" classname="ec.edu.epn.CalculatorTest" time="0.0"/>
  <testcase name="multiply_TwoPositiveNumbers_ReturnCorrectMultiply" classname="ec.edu.epn.CalculatorTest" time="0.0"/>
  <testcase name="divide_TwoPositiveNumbers_ReturnCorrectDivide" classname="ec.edu.epn.CalculatorTest" time="0.0"/>
  <testcase name="subtract_MultipleValues_ReturnCorrectValue(int, int, int)[1]" classname="ec.edu.epn.CalculatorTest" time="0.0"/>
  <testcase name="subtract_MultipleValues_ReturnCorrectValue(int, int, int)[2]" classname="ec.edu.epn.CalculatorTest" time="0.0"/>
  <testcase name="subtract_MultipleValues_ReturnCorrectValue(int, int, int)[3]" classname="ec.edu.epn.CalculatorTest" time="0.0"/>
  <testcase name="divide_MultipleValues_ReturnCorrectValue(int, int, int)[1]" classname="ec.edu.epn.CalculatorTest" time="0.0"/>
  <testcase name="divide_MultipleValues_ReturnCorrectValue(int, int, int)[2]" classname="ec.edu.epn.CalculatorTest" time="0.0"/>
  <testcase name="divide_MultipleValues_ReturnCorrectValue(int, int, int)[3]" classname="ec.edu.epn.CalculatorTest" time="0.0"/>
  <testcase name="multiply_MultipleValues_ReturnCorrectValue(int, int, int)[1]" classname="ec.edu.epn.CalculatorTest" time="0.0"/>
  <testcase name="multiply_MultipleValues_ReturnCorrectValue(int, int, int)[2]" classname="ec.edu.epn.CalculatorTest" time="0.0"/>
  <testcase name="multiply_MultipleValues_ReturnCorrectValue(int, int, int)[3]" classname="ec.edu.epn.CalculatorTest" time="0.016"/>
  <testcase name="isEven_Pair_ReturnCorrect" classname="ec.edu.epn.CalculatorTest" time="0.0"/>
  <testcase name="add_TwoPositiveNumbers_ReturnCorrectSum" classname="ec.edu.epn.CalculatorTest" time="0.0"/>
</testsuite>